#
# There is insufficient memory for the Java Runtime Environment to continue.
# Native memory allocation (malloc) failed to allocate 262160 bytes for Chunk::new
# Possible reasons:
#   The system is out of physical RAM or swap space
#   The process is running with CompressedOops enabled, and the Java Heap may be blocking the growth of the native heap
# Possible solutions:
#   Reduce memory load on the system
#   Increase physical memory or swap space
#   Check if swap backing store is full
#   Decrease Java heap size (-Xmx/-Xms)
#   Decrease number of Java threads
#   Decrease Java thread stack sizes (-Xss)
#   Set larger code cache with -XX:ReservedCodeCacheSize=
#   JVM is running with Unscaled Compressed Oops mode in which the Java heap is
#     placed in the first 4GB address space. The Java Heap base address is the
#     maximum limit for the native heap growth. Please use -XX:HeapBaseMinAddress
#     to set the Java Heap base and to place the Java Heap above 4GB virtual address.
# This output file may be truncated or incomplete.
#
#  Out of Memory Error (arena.cpp:197), pid=3620, tid=18160
#
# JRE version: OpenJDK Runtime Environment (11.0.26+9) (build 11.0.26+9-LTS)
# Java VM: OpenJDK 64-Bit Server VM (11.0.26+9-LTS, mixed mode, tiered, compressed oops, g1 gc, windows-aarch64)
# No core dump will be written. Minidumps are not enabled by default on client versions of Windows
#

---------------  S U M M A R Y ------------

Command Line: -ea -Didea.test.cyclic.buffer.size=1048576 -javaagent:C:\Program Files\JetBrains\IntelliJ IDEA 2024.3.5\lib\idea_rt.jar=49315 -javaagent:C:\Users\illia\AppData\Local\JetBrains\IntelliJIdea2024.3\captureAgent\debugger-agent.jar -Dkotlinx.coroutines.debug.enable.creation.stack.trace=false -Ddebugger.agent.enable.coroutines=true -Dkotlinx.coroutines.debug.enable.flows.stack.trace=true -Dkotlinx.coroutines.debug.enable.mutable.state.flows.stack.trace=true -Dfile.encoding=UTF-8 com.intellij.rt.testng.RemoteTestNGStarter -usedefaultlisteners false -socket49314 @w@C:\Users\illia\AppData\Local\Temp\idea_working_dirs_testng.tmp -temp C:\Users\illia\AppData\Local\Temp\idea_testng.tmp

Host: virt-7.2, 4 cores, 5G,  Windows 11 , 64 bit Build 26100 (10.0.26100.3470)
Time: Wed Mar 19 19:03:34 2025 FLE Standard Time elapsed time: 9.716303 seconds (0d 0h 0m 9s)

---------------  T H R E A D  ---------------

Current thread (0x000001c22889f800):  JavaThread "C2 CompilerThread0" daemon [_thread_in_native, id=18160, stack(0x00000082f4100000,0x00000082f4200000)]


Current CompileTask:
C2:   9716 2796       4       java.net.URL::openConnection (9 bytes)

Stack: [0x00000082f4100000,0x00000082f4200000]

---------------  P R O C E S S  ---------------

Threads class SMR info:
_java_thread_list=0x000001c24da47f80, length=25, elements={
0x000001c2281ba000, 0x000001c228789800, 0x000001c22878d000, 0x000001c2287da800,
0x000001c2287dd800, 0x000001c2287df000, 0x000001c22889f800, 0x000001c2288a8000,
0x000001c2288c8800, 0x000001c2288ce800, 0x000001c2288ee000, 0x000001c24a1f0000,
0x000001c24a1ef000, 0x000001c24b1a6000, 0x000001c24b1ab000, 0x000001c24bbd9000,
0x000001c24bbdc800, 0x000001c24bbe4800, 0x000001c24bbe5800, 0x000001c24bbde000,
0x000001c24bbe6000, 0x000001c24bbdd000, 0x000001c24d830800, 0x000001c24d831000,
0x000001c24d827800
}

Java Threads: ( => current thread )
  0x000001c2281ba000 JavaThread "Forwarding setTimeout on session 7db94e0e-fa46-4736-9f92-9330123627b8 to remote" [_thread_blocked, id=2544, stack(0x00000082f3500000,0x00000082f3600000)]
  0x000001c228789800 JavaThread "Reference Handler" daemon [_thread_blocked, id=13792, stack(0x00000082f3c00000,0x00000082f3d00000)]
  0x000001c22878d000 JavaThread "Finalizer" daemon [_thread_blocked, id=13896, stack(0x00000082f3d00000,0x00000082f3e00000)]
  0x000001c2287da800 JavaThread "Signal Dispatcher" daemon [_thread_blocked, id=18216, stack(0x00000082f3e00000,0x00000082f3f00000)]
  0x000001c2287dd800 JavaThread "Attach Listener" daemon [_thread_blocked, id=17084, stack(0x00000082f3f00000,0x00000082f4000000)]
  0x000001c2287df000 JavaThread "Service Thread" daemon [_thread_blocked, id=11004, stack(0x00000082f4000000,0x00000082f4100000)]
=>0x000001c22889f800 JavaThread "C2 CompilerThread0" daemon [_thread_in_native, id=18160, stack(0x00000082f4100000,0x00000082f4200000)]
  0x000001c2288a8000 JavaThread "C1 CompilerThread0" daemon [_thread_blocked, id=5612, stack(0x00000082f4200000,0x00000082f4300000)]
  0x000001c2288c8800 JavaThread "Sweeper thread" daemon [_thread_blocked, id=11748, stack(0x00000082f4300000,0x00000082f4400000)]
  0x000001c2288ce800 JavaThread "Common-Cleaner" daemon [_thread_blocked, id=17500, stack(0x00000082f4400000,0x00000082f4500000)]
  0x000001c2288ee000 JavaThread "Monitor Ctrl-Break" daemon [_thread_in_native, id=14972, stack(0x00000082f4500000,0x00000082f4600000)]
  0x000001c24a1f0000 JavaThread "RMI TCP Accept-0" daemon [_thread_in_native, id=9732, stack(0x00000082f4900000,0x00000082f4a00000)]
  0x000001c24a1ef000 JavaThread "RMI TCP Connection(1)-192.168.64.2" daemon [_thread_in_native, id=18240, stack(0x00000082f4a00000,0x00000082f4b00000)]
  0x000001c24b1a6000 JavaThread "RMI Scheduler(0)" daemon [_thread_blocked, id=14292, stack(0x00000082f4b00000,0x00000082f4c00000)]
  0x000001c24b1ab000 JavaThread "JMX server connection timeout 17" daemon [_thread_blocked, id=15380, stack(0x00000082f4c00000,0x00000082f4d00000)]
  0x000001c24bbd9000 JavaThread "ForkJoinPool.commonPool-worker-3" daemon [_thread_blocked, id=464, stack(0x00000082f4e00000,0x00000082f4f00000)]
  0x000001c24bbdc800 JavaThread "AsyncHttpClient-1-1" daemon [_thread_blocked, id=18064, stack(0x00000082f4f00000,0x00000082f5000000)]
  0x000001c24bbe4800 JavaThread "Exec Default Executor" daemon [_thread_in_native, id=7144, stack(0x00000082f4700000,0x00000082f4800000)]
  0x000001c24bbe5800 JavaThread "Driver Service Executor" daemon [_thread_blocked, id=9592, stack(0x00000082f5000000,0x00000082f5100000)]
  0x000001c24bbde000 JavaThread "Driver Service Executor" daemon [_thread_blocked, id=1120, stack(0x00000082f5100000,0x00000082f5200000)]
  0x000001c24bbe6000 JavaThread "Exec Stream Pumper" daemon [_thread_in_native, id=2352, stack(0x00000082f5200000,0x00000082f5300000)]
  0x000001c24bbdd000 JavaThread "Exec Stream Pumper" daemon [_thread_in_native, id=14888, stack(0x00000082f5300000,0x00000082f5400000)]
  0x000001c24d830800 JavaThread "ForkJoinPool.commonPool-worker-5" daemon [_thread_blocked, id=5536, stack(0x00000082f5400000,0x00000082f5500000)]
  0x000001c24d831000 JavaThread "ForkJoinPool.commonPool-worker-7" daemon [_thread_blocked, id=16068, stack(0x00000082f5500000,0x00000082f5600000)]
  0x000001c24d827800 JavaThread "AsyncHttpClient-1-2" daemon [_thread_in_native, id=1388, stack(0x00000082f5600000,0x00000082f5700000)]

Other Threads:
  0x000001c228778800 VMThread "VM Thread" [stack: 0x00000082f3b00000,0x00000082f3c00000] [id=1548]
  0x000001c228cac000 WatcherThread [stack: 0x00000082f4600000,0x00000082f4700000] [id=5520]
  0x000001c2281ea800 GCTaskThread "GC Thread#0" [stack: 0x00000082f3600000,0x00000082f3700000] [id=12044]
  0x000001c2289e3000 GCTaskThread "GC Thread#1" [stack: 0x00000082f4800000,0x00000082f4900000] [id=4180]
  0x000001c228622800 ConcurrentGCThread "G1 Main Marker" [stack: 0x00000082f3700000,0x00000082f3800000] [id=17148]
  0x000001c228633800 ConcurrentGCThread "G1 Conc#0" [stack: 0x00000082f3800000,0x00000082f3900000] [id=4976]
  0x000001c2286b6000 ConcurrentGCThread "G1 Refine#0" [stack: 0x00000082f3900000,0x00000082f3a00000] [id=7536]
  0x000001c2286b6800 ConcurrentGCThread "G1 Young RemSet Sampling" [stack: 0x00000082f3a00000,0x00000082f3b00000] [id=15800]

Threads with active compile tasks:
C2 CompilerThread0     9717 2796       4       java.net.URL::openConnection (9 bytes)

VM state:not at safepoint (normal execution)

VM Mutex/Monitor currently owned by a thread: None

Heap address: 0x00000000a0200000, size: 1534 MB, Compressed Oops mode: 32-bit
Narrow klass base: 0x0000000000000000, Narrow klass shift: 3
Compressed class space size: 1073741824 Address: 0x0000000100000000

Heap:
 garbage-first heap   total 118784K, used 26336K [0x00000000a0200000, 0x0000000100000000)
  region size 1024K, 13 young (13312K), 5 survivors (5120K)
 Metaspace       used 36071K, capacity 36953K, committed 37040K, reserved 1081344K
  class space    used 4223K, capacity 4571K, committed 4608K, reserved 1048576K
Heap Regions: E=young(eden), S=young(survivor), O=old, HS=humongous(starts), HC=humongous(continues), CS=collection set, F=free, A=archive, TAMS=top-at-mark-start (previous, next)
|   0|0x00000000a0200000, 0x00000000a0300000, 0x00000000a0300000|100%| O|  |TAMS 0x00000000a0300000, 0x00000000a0200000| Untracked 
|   1|0x00000000a0300000, 0x00000000a0400000, 0x00000000a0400000|100%| O|  |TAMS 0x00000000a0400000, 0x00000000a0300000| Untracked 
|   2|0x00000000a0400000, 0x00000000a0500000, 0x00000000a0500000|100%| O|  |TAMS 0x00000000a0500000, 0x00000000a0400000| Untracked 
|   3|0x00000000a0500000, 0x00000000a0600000, 0x00000000a0600000|100%| O|  |TAMS 0x00000000a0600000, 0x00000000a0500000| Untracked 
|   4|0x00000000a0600000, 0x00000000a0700000, 0x00000000a0700000|100%| O|  |TAMS 0x00000000a0700000, 0x00000000a0600000| Untracked 
|   5|0x00000000a0700000, 0x00000000a0800000, 0x00000000a0800000|100%| O|  |TAMS 0x00000000a0800000, 0x00000000a0700000| Untracked 
|   6|0x00000000a0800000, 0x00000000a0900000, 0x00000000a0900000|100%| O|  |TAMS 0x00000000a0900000, 0x00000000a0800000| Untracked 
|   7|0x00000000a0900000, 0x00000000a0a00000, 0x00000000a0a00000|100%| O|  |TAMS 0x00000000a0a00000, 0x00000000a0900000| Untracked 
|   8|0x00000000a0a00000, 0x00000000a0b00000, 0x00000000a0b00000|100%| O|  |TAMS 0x00000000a0b00000, 0x00000000a0a00000| Untracked 
|   9|0x00000000a0b00000, 0x00000000a0c00000, 0x00000000a0c00000|100%|HS|  |TAMS 0x00000000a0c00000, 0x00000000a0b00000| Complete 
|  10|0x00000000a0c00000, 0x00000000a0d00000, 0x00000000a0d00000|100%|HC|  |TAMS 0x00000000a0d00000, 0x00000000a0c00000| Complete 
|  11|0x00000000a0d00000, 0x00000000a0e00000, 0x00000000a0e00000|100%|HC|  |TAMS 0x00000000a0e00000, 0x00000000a0d00000| Complete 
|  12|0x00000000a0e00000, 0x00000000a0f00000, 0x00000000a0f00000|100%|HC|  |TAMS 0x00000000a0f00000, 0x00000000a0e00000| Complete 
|  13|0x00000000a0f00000, 0x00000000a1000000, 0x00000000a1000000|100%|HC|  |TAMS 0x00000000a1000000, 0x00000000a0f00000| Complete 
|  14|0x00000000a1000000, 0x00000000a1000000, 0x00000000a1100000|  0%| F|  |TAMS 0x00000000a1000000, 0x00000000a1000000| Untracked 
|  15|0x00000000a1100000, 0x00000000a1100000, 0x00000000a1200000|  0%| F|  |TAMS 0x00000000a1100000, 0x00000000a1100000| Untracked 
|  16|0x00000000a1200000, 0x00000000a1200000, 0x00000000a1300000|  0%| F|  |TAMS 0x00000000a1200000, 0x00000000a1200000| Untracked 
|  17|0x00000000a1300000, 0x00000000a1300000, 0x00000000a1400000|  0%| F|  |TAMS 0x00000000a1300000, 0x00000000a1300000| Untracked 
|  18|0x00000000a1400000, 0x00000000a1400000, 0x00000000a1500000|  0%| F|  |TAMS 0x00000000a1400000, 0x00000000a1400000| Untracked 
|  19|0x00000000a1500000, 0x00000000a1500000, 0x00000000a1600000|  0%| F|  |TAMS 0x00000000a1500000, 0x00000000a1500000| Untracked 
|  20|0x00000000a1600000, 0x00000000a1600000, 0x00000000a1700000|  0%| F|  |TAMS 0x00000000a1600000, 0x00000000a1600000| Untracked 
|  21|0x00000000a1700000, 0x00000000a1700000, 0x00000000a1800000|  0%| F|  |TAMS 0x00000000a1700000, 0x00000000a1700000| Untracked 
|  22|0x00000000a1800000, 0x00000000a1800000, 0x00000000a1900000|  0%| F|  |TAMS 0x00000000a1800000, 0x00000000a1800000| Untracked 
|  23|0x00000000a1900000, 0x00000000a1900000, 0x00000000a1a00000|  0%| F|  |TAMS 0x00000000a1900000, 0x00000000a1900000| Untracked 
|  24|0x00000000a1a00000, 0x00000000a1a00000, 0x00000000a1b00000|  0%| F|  |TAMS 0x00000000a1a00000, 0x00000000a1a00000| Untracked 
|  25|0x00000000a1b00000, 0x00000000a1b00000, 0x00000000a1c00000|  0%| F|  |TAMS 0x00000000a1b00000, 0x00000000a1b00000| Untracked 
|  26|0x00000000a1c00000, 0x00000000a1c00000, 0x00000000a1d00000|  0%| F|  |TAMS 0x00000000a1c00000, 0x00000000a1c00000| Untracked 
|  27|0x00000000a1d00000, 0x00000000a1d00000, 0x00000000a1e00000|  0%| F|  |TAMS 0x00000000a1d00000, 0x00000000a1d00000| Untracked 
|  28|0x00000000a1e00000, 0x00000000a1e00000, 0x00000000a1f00000|  0%| F|  |TAMS 0x00000000a1e00000, 0x00000000a1e00000| Untracked 
|  29|0x00000000a1f00000, 0x00000000a1f00000, 0x00000000a2000000|  0%| F|  |TAMS 0x00000000a1f00000, 0x00000000a1f00000| Untracked 
|  30|0x00000000a2000000, 0x00000000a2000000, 0x00000000a2100000|  0%| F|  |TAMS 0x00000000a2000000, 0x00000000a2000000| Untracked 
|  31|0x00000000a2100000, 0x00000000a2100000, 0x00000000a2200000|  0%| F|  |TAMS 0x00000000a2100000, 0x00000000a2100000| Untracked 
|  32|0x00000000a2200000, 0x00000000a2200000, 0x00000000a2300000|  0%| F|  |TAMS 0x00000000a2200000, 0x00000000a2200000| Untracked 
|  33|0x00000000a2300000, 0x00000000a2300000, 0x00000000a2400000|  0%| F|  |TAMS 0x00000000a2300000, 0x00000000a2300000| Untracked 
|  34|0x00000000a2400000, 0x00000000a2400000, 0x00000000a2500000|  0%| F|  |TAMS 0x00000000a2400000, 0x00000000a2400000| Untracked 
|  35|0x00000000a2500000, 0x00000000a2500000, 0x00000000a2600000|  0%| F|  |TAMS 0x00000000a2500000, 0x00000000a2500000| Untracked 
|  36|0x00000000a2600000, 0x00000000a2600000, 0x00000000a2700000|  0%| F|  |TAMS 0x00000000a2600000, 0x00000000a2600000| Untracked 
|  37|0x00000000a2700000, 0x00000000a2700000, 0x00000000a2800000|  0%| F|  |TAMS 0x00000000a2700000, 0x00000000a2700000| Untracked 
|  38|0x00000000a2800000, 0x00000000a2800000, 0x00000000a2900000|  0%| F|  |TAMS 0x00000000a2800000, 0x00000000a2800000| Untracked 
|  39|0x00000000a2900000, 0x00000000a2900000, 0x00000000a2a00000|  0%| F|  |TAMS 0x00000000a2900000, 0x00000000a2900000| Untracked 
|  40|0x00000000a2a00000, 0x00000000a2a00000, 0x00000000a2b00000|  0%| F|  |TAMS 0x00000000a2a00000, 0x00000000a2a00000| Untracked 
|  41|0x00000000a2b00000, 0x00000000a2b00000, 0x00000000a2c00000|  0%| F|  |TAMS 0x00000000a2b00000, 0x00000000a2b00000| Untracked 
|  42|0x00000000a2c00000, 0x00000000a2c00000, 0x00000000a2d00000|  0%| F|  |TAMS 0x00000000a2c00000, 0x00000000a2c00000| Untracked 
|  43|0x00000000a2d00000, 0x00000000a2d00000, 0x00000000a2e00000|  0%| F|  |TAMS 0x00000000a2d00000, 0x00000000a2d00000| Untracked 
|  44|0x00000000a2e00000, 0x00000000a2e00000, 0x00000000a2f00000|  0%| F|  |TAMS 0x00000000a2e00000, 0x00000000a2e00000| Untracked 
|  45|0x00000000a2f00000, 0x00000000a2f00000, 0x00000000a3000000|  0%| F|  |TAMS 0x00000000a2f00000, 0x00000000a2f00000| Untracked 
|  46|0x00000000a3000000, 0x00000000a3000000, 0x00000000a3100000|  0%| F|  |TAMS 0x00000000a3000000, 0x00000000a3000000| Untracked 
|  47|0x00000000a3100000, 0x00000000a3100000, 0x00000000a3200000|  0%| F|  |TAMS 0x00000000a3100000, 0x00000000a3100000| Untracked 
|  48|0x00000000a3200000, 0x00000000a3200000, 0x00000000a3300000|  0%| F|  |TAMS 0x00000000a3200000, 0x00000000a3200000| Untracked 
|  49|0x00000000a3300000, 0x00000000a3300000, 0x00000000a3400000|  0%| F|  |TAMS 0x00000000a3300000, 0x00000000a3300000| Untracked 
|  50|0x00000000a3400000, 0x00000000a3400000, 0x00000000a3500000|  0%| F|  |TAMS 0x00000000a3400000, 0x00000000a3400000| Untracked 
|  51|0x00000000a3500000, 0x00000000a3500000, 0x00000000a3600000|  0%| F|  |TAMS 0x00000000a3500000, 0x00000000a3500000| Untracked 
|  52|0x00000000a3600000, 0x00000000a3600000, 0x00000000a3700000|  0%| F|  |TAMS 0x00000000a3600000, 0x00000000a3600000| Untracked 
|  53|0x00000000a3700000, 0x00000000a3700000, 0x00000000a3800000|  0%| F|  |TAMS 0x00000000a3700000, 0x00000000a3700000| Untracked 
|  54|0x00000000a3800000, 0x00000000a3800000, 0x00000000a3900000|  0%| F|  |TAMS 0x00000000a3800000, 0x00000000a3800000| Untracked 
|  55|0x00000000a3900000, 0x00000000a3900000, 0x00000000a3a00000|  0%| F|  |TAMS 0x00000000a3900000, 0x00000000a3900000| Untracked 
|  56|0x00000000a3a00000, 0x00000000a3a00000, 0x00000000a3b00000|  0%| F|  |TAMS 0x00000000a3a00000, 0x00000000a3a00000| Untracked 
|  57|0x00000000a3b00000, 0x00000000a3b00000, 0x00000000a3c00000|  0%| F|  |TAMS 0x00000000a3b00000, 0x00000000a3b00000| Untracked 
|  58|0x00000000a3c00000, 0x00000000a3c00000, 0x00000000a3d00000|  0%| F|  |TAMS 0x00000000a3c00000, 0x00000000a3c00000| Untracked 
|  59|0x00000000a3d00000, 0x00000000a3d00000, 0x00000000a3e00000|  0%| F|  |TAMS 0x00000000a3d00000, 0x00000000a3d00000| Untracked 
|  60|0x00000000a3e00000, 0x00000000a3e00000, 0x00000000a3f00000|  0%| F|  |TAMS 0x00000000a3e00000, 0x00000000a3e00000| Untracked 
|  61|0x00000000a3f00000, 0x00000000a3f00000, 0x00000000a4000000|  0%| F|  |TAMS 0x00000000a3f00000, 0x00000000a3f00000| Untracked 
|  62|0x00000000a4000000, 0x00000000a4000000, 0x00000000a4100000|  0%| F|  |TAMS 0x00000000a4000000, 0x00000000a4000000| Untracked 
|  63|0x00000000a4100000, 0x00000000a4100000, 0x00000000a4200000|  0%| F|  |TAMS 0x00000000a4100000, 0x00000000a4100000| Untracked 
|  64|0x00000000a4200000, 0x00000000a4200000, 0x00000000a4300000|  0%| F|  |TAMS 0x00000000a4200000, 0x00000000a4200000| Untracked 
|  65|0x00000000a4300000, 0x00000000a4300000, 0x00000000a4400000|  0%| F|  |TAMS 0x00000000a4300000, 0x00000000a4300000| Untracked 
|  66|0x00000000a4400000, 0x00000000a4400000, 0x00000000a4500000|  0%| F|  |TAMS 0x00000000a4400000, 0x00000000a4400000| Untracked 
|  67|0x00000000a4500000, 0x00000000a4500000, 0x00000000a4600000|  0%| F|  |TAMS 0x00000000a4500000, 0x00000000a4500000| Untracked 
|  68|0x00000000a4600000, 0x00000000a4600000, 0x00000000a4700000|  0%| F|  |TAMS 0x00000000a4600000, 0x00000000a4600000| Untracked 
|  69|0x00000000a4700000, 0x00000000a4700000, 0x00000000a4800000|  0%| F|  |TAMS 0x00000000a4700000, 0x00000000a4700000| Untracked 
|  70|0x00000000a4800000, 0x00000000a4800000, 0x00000000a4900000|  0%| F|  |TAMS 0x00000000a4800000, 0x00000000a4800000| Untracked 
|  71|0x00000000a4900000, 0x00000000a4900000, 0x00000000a4a00000|  0%| F|  |TAMS 0x00000000a4900000, 0x00000000a4900000| Untracked 
|  72|0x00000000a4a00000, 0x00000000a4a00000, 0x00000000a4b00000|  0%| F|  |TAMS 0x00000000a4a00000, 0x00000000a4a00000| Untracked 
|  73|0x00000000a4b00000, 0x00000000a4b00000, 0x00000000a4c00000|  0%| F|  |TAMS 0x00000000a4b00000, 0x00000000a4b00000| Untracked 
|  74|0x00000000a4c00000, 0x00000000a4c00000, 0x00000000a4d00000|  0%| F|  |TAMS 0x00000000a4c00000, 0x00000000a4c00000| Untracked 
|  75|0x00000000a4d00000, 0x00000000a4d00000, 0x00000000a4e00000|  0%| F|  |TAMS 0x00000000a4d00000, 0x00000000a4d00000| Untracked 
|  76|0x00000000a4e00000, 0x00000000a4e00000, 0x00000000a4f00000|  0%| F|  |TAMS 0x00000000a4e00000, 0x00000000a4e00000| Untracked 
|  77|0x00000000a4f00000, 0x00000000a4f00000, 0x00000000a5000000|  0%| F|  |TAMS 0x00000000a4f00000, 0x00000000a4f00000| Untracked 
|  78|0x00000000a5000000, 0x00000000a5000000, 0x00000000a5100000|  0%| F|  |TAMS 0x00000000a5000000, 0x00000000a5000000| Untracked 
|  79|0x00000000a5100000, 0x00000000a5100000, 0x00000000a5200000|  0%| F|  |TAMS 0x00000000a5100000, 0x00000000a5100000| Untracked 
|  80|0x00000000a5200000, 0x00000000a5200000, 0x00000000a5300000|  0%| F|  |TAMS 0x00000000a5200000, 0x00000000a5200000| Untracked 
|  81|0x00000000a5300000, 0x00000000a5300000, 0x00000000a5400000|  0%| F|  |TAMS 0x00000000a5300000, 0x00000000a5300000| Untracked 
|  82|0x00000000a5400000, 0x00000000a5400000, 0x00000000a5500000|  0%| F|  |TAMS 0x00000000a5400000, 0x00000000a5400000| Untracked 
|  83|0x00000000a5500000, 0x00000000a5500000, 0x00000000a5600000|  0%| F|  |TAMS 0x00000000a5500000, 0x00000000a5500000| Untracked 
|  84|0x00000000a5600000, 0x00000000a5600000, 0x00000000a5700000|  0%| F|  |TAMS 0x00000000a5600000, 0x00000000a5600000| Untracked 
|  85|0x00000000a5700000, 0x00000000a5700000, 0x00000000a5800000|  0%| F|  |TAMS 0x00000000a5700000, 0x00000000a5700000| Untracked 
|  86|0x00000000a5800000, 0x00000000a5800000, 0x00000000a5900000|  0%| F|  |TAMS 0x00000000a5800000, 0x00000000a5800000| Untracked 
|  87|0x00000000a5900000, 0x00000000a5900000, 0x00000000a5a00000|  0%| F|  |TAMS 0x00000000a5900000, 0x00000000a5900000| Untracked 
|  88|0x00000000a5a00000, 0x00000000a5a00000, 0x00000000a5b00000|  0%| F|  |TAMS 0x00000000a5a00000, 0x00000000a5a00000| Untracked 
|  89|0x00000000a5b00000, 0x00000000a5b00000, 0x00000000a5c00000|  0%| F|  |TAMS 0x00000000a5b00000, 0x00000000a5b00000| Untracked 
|  90|0x00000000a5c00000, 0x00000000a5c00000, 0x00000000a5d00000|  0%| F|  |TAMS 0x00000000a5c00000, 0x00000000a5c00000| Untracked 
|  91|0x00000000a5d00000, 0x00000000a5d00000, 0x00000000a5e00000|  0%| F|  |TAMS 0x00000000a5d00000, 0x00000000a5d00000| Untracked 
|  92|0x00000000a5e00000, 0x00000000a5e00000, 0x00000000a5f00000|  0%| F|  |TAMS 0x00000000a5e00000, 0x00000000a5e00000| Untracked 
|  93|0x00000000a5f00000, 0x00000000a5f00000, 0x00000000a6000000|  0%| F|  |TAMS 0x00000000a5f00000, 0x00000000a5f00000| Untracked 
|  94|0x00000000a6000000, 0x00000000a6000000, 0x00000000a6100000|  0%| F|  |TAMS 0x00000000a6000000, 0x00000000a6000000| Untracked 
|  95|0x00000000a6100000, 0x00000000a6100000, 0x00000000a6200000|  0%| F|  |TAMS 0x00000000a6100000, 0x00000000a6100000| Untracked 
|  96|0x00000000a6200000, 0x00000000a6200000, 0x00000000a6300000|  0%| F|  |TAMS 0x00000000a6200000, 0x00000000a6200000| Untracked 
|  97|0x00000000a6300000, 0x00000000a6300000, 0x00000000a6400000|  0%| F|  |TAMS 0x00000000a6300000, 0x00000000a6300000| Untracked 
|  98|0x00000000a6400000, 0x00000000a6400000, 0x00000000a6500000|  0%| F|  |TAMS 0x00000000a6400000, 0x00000000a6400000| Untracked 
|  99|0x00000000a6500000, 0x00000000a65b8300, 0x00000000a6600000| 71%| S|CS|TAMS 0x00000000a6500000, 0x00000000a6500000| Complete 
| 100|0x00000000a6600000, 0x00000000a6700000, 0x00000000a6700000|100%| S|CS|TAMS 0x00000000a6600000, 0x00000000a6600000| Complete 
| 101|0x00000000a6700000, 0x00000000a6800000, 0x00000000a6800000|100%| S|CS|TAMS 0x00000000a6700000, 0x00000000a6700000| Complete 
| 102|0x00000000a6800000, 0x00000000a6900000, 0x00000000a6900000|100%| S|CS|TAMS 0x00000000a6800000, 0x00000000a6800000| Complete 
| 103|0x00000000a6900000, 0x00000000a6a00000, 0x00000000a6a00000|100%| S|CS|TAMS 0x00000000a6900000, 0x00000000a6900000| Complete 
| 104|0x00000000a6a00000, 0x00000000a6a00000, 0x00000000a6b00000|  0%| F|  |TAMS 0x00000000a6a00000, 0x00000000a6a00000| Untracked 
| 105|0x00000000a6b00000, 0x00000000a6b00000, 0x00000000a6c00000|  0%| F|  |TAMS 0x00000000a6b00000, 0x00000000a6b00000| Untracked 
| 106|0x00000000a6c00000, 0x00000000a6c00000, 0x00000000a6d00000|  0%| F|  |TAMS 0x00000000a6c00000, 0x00000000a6c00000| Untracked 
| 107|0x00000000a6d00000, 0x00000000a6d00000, 0x00000000a6e00000|  0%| F|  |TAMS 0x00000000a6d00000, 0x00000000a6d00000| Untracked 
| 108|0x00000000a6e00000, 0x00000000a6e52cf0, 0x00000000a6f00000| 32%| E|  |TAMS 0x00000000a6e00000, 0x00000000a6e00000| Complete 
| 109|0x00000000a6f00000, 0x00000000a7000000, 0x00000000a7000000|100%| E|CS|TAMS 0x00000000a6f00000, 0x00000000a6f00000| Complete 
| 110|0x00000000a7000000, 0x00000000a7100000, 0x00000000a7100000|100%| E|CS|TAMS 0x00000000a7000000, 0x00000000a7000000| Complete 
| 111|0x00000000a7100000, 0x00000000a7200000, 0x00000000a7200000|100%| E|CS|TAMS 0x00000000a7100000, 0x00000000a7100000| Complete 
| 112|0x00000000a7200000, 0x00000000a7300000, 0x00000000a7300000|100%| E|CS|TAMS 0x00000000a7200000, 0x00000000a7200000| Complete 
| 113|0x00000000a7300000, 0x00000000a7400000, 0x00000000a7400000|100%| E|CS|TAMS 0x00000000a7300000, 0x00000000a7300000| Complete 
| 114|0x00000000a7400000, 0x00000000a7500000, 0x00000000a7500000|100%| E|CS|TAMS 0x00000000a7400000, 0x00000000a7400000| Complete 
| 115|0x00000000a7500000, 0x00000000a7600000, 0x00000000a7600000|100%| E|CS|TAMS 0x00000000a7500000, 0x00000000a7500000| Complete 

Card table byte_map: [0x000001c243300000,0x000001c243600000] _byte_map_base: 0x000001c242dff000

Marking Bits (Prev, Next): (CMBitMap*) 0x000001c228621df8, (CMBitMap*) 0x000001c228621e30
 Prev Bits: [0x000001c243900000, 0x000001c2450f8000)
 Next Bits: [0x000001c245100000, 0x000001c2468f8000)

Polling page: 0x000001c227f20000

Metaspace:

Usage:
  Non-class:     31.62 MB capacity,    31.10 MB ( 98%) used,   428.45 KB (  1%) free+waste,   105.75 KB ( <1%) overhead. 
      Class:      4.46 MB capacity,     4.12 MB ( 92%) used,   294.16 KB (  6%) free+waste,    53.62 KB (  1%) overhead. 
       Both:     36.09 MB capacity,    35.23 MB ( 98%) used,   722.62 KB (  2%) free+waste,   159.38 KB ( <1%) overhead. 

Virtual space:
  Non-class space:       32.00 MB reserved,      31.67 MB ( 99%) committed 
      Class space:        1.00 GB reserved,       4.50 MB ( <1%) committed 
             Both:        1.03 GB reserved,      36.17 MB (  3%) committed 

Chunk freelists:
   Non-Class:  50.00 KB
       Class:  5.00 KB
        Both:  55.00 KB

MaxMetaspaceSize: 17179869184.00 GB
CompressedClassSpaceSize: 1.00 GB
Initial GC threshold: 20.80 MB
Current GC threshold: 58.83 MB
CDS: off

CodeHeap 'non-profiled nmethods': size=120064Kb used=1453Kb max_used=1453Kb free=118610Kb
 bounds [0x000001c23a8b0000, 0x000001c23ab20000, 0x000001c241df0000]
CodeHeap 'profiled nmethods': size=120000Kb used=6774Kb max_used=6774Kb free=113225Kb
 bounds [0x000001c233380000, 0x000001c233a20000, 0x000001c23a8b0000]
CodeHeap 'non-nmethods': size=5696Kb used=1278Kb max_used=1324Kb free=4417Kb
 bounds [0x000001c232df0000, 0x000001c233060000, 0x000001c233380000]
 total_blobs=3413 nmethods=2806 adapters=523
 compilation: enabled
              stopped_count=0, restarted_count=0
 full_count=0

Compilation events (20 events):
Event: 9.429 Thread 0x000001c2288a8000 nmethod 2801 0x000001c23aa1a390 code [0x000001c23aa1a540, 0x000001c23aa1a690]
Event: 9.429 Thread 0x000001c2288a8000 2802   !   3       java.util.concurrent.ConcurrentHashMap::putVal (432 bytes)
Event: 9.432 Thread 0x000001c2288a8000 nmethod 2802 0x000001c233a16c10 code [0x000001c233a17080, 0x000001c233a191b0]
Event: 9.432 Thread 0x000001c2288a8000 2804       3       java.util.RegularEnumSet::add (9 bytes)
Event: 9.432 Thread 0x000001c2288a8000 nmethod 2804 0x000001c233a19c90 code [0x000001c233a19e80, 0x000001c233a1a180]
Event: 9.432 Thread 0x000001c2288a8000 2805       3       java.util.RegularEnumSet::add (40 bytes)
Event: 9.433 Thread 0x000001c2288a8000 nmethod 2805 0x000001c233a1a290 code [0x000001c233a1a440, 0x000001c233a1a6c0]
Event: 9.433 Thread 0x000001c2288a8000 2806       3       java.util.EnumSet::typeCheck (59 bytes)
Event: 9.434 Thread 0x000001c2288a8000 nmethod 2806 0x000001c233a1a790 code [0x000001c233a1ab00, 0x000001c233a1b970]
Event: 9.434 Thread 0x000001c2288a8000 2803       3       java.util.concurrent.ConcurrentHashMap::containsKey (14 bytes)
Event: 9.434 Thread 0x000001c2288a8000 nmethod 2803 0x000001c233a1bf10 code [0x000001c233a1c0c0, 0x000001c233a1c300]
Event: 9.609 Thread 0x000001c2288a8000 2808       3       java.util.regex.Matcher::end (67 bytes)
Event: 9.611 Thread 0x000001c2288a8000 nmethod 2808 0x000001c233a1c390 code [0x000001c233a1c680, 0x000001c233a1d1a0]
Event: 9.611 Thread 0x000001c2288a8000 2809       1       java.util.stream.Collectors$CollectorImpl::supplier (5 bytes)
Event: 9.611 Thread 0x000001c2288a8000 nmethod 2809 0x000001c23aa1a710 code [0x000001c23aa1a8c0, 0x000001c23aa1aa10]
Event: 9.611 Thread 0x000001c2288a8000 2810       1       java.util.stream.Collectors$CollectorImpl::accumulator (5 bytes)
Event: 9.611 Thread 0x000001c2288a8000 nmethod 2810 0x000001c23aa1aa90 code [0x000001c23aa1ac40, 0x000001c23aa1ad90]
Event: 9.611 Thread 0x000001c2288a8000 2811       1       java.util.stream.Collectors$CollectorImpl::combiner (5 bytes)
Event: 9.611 Thread 0x000001c2288a8000 nmethod 2811 0x000001c23aa1ae10 code [0x000001c23aa1afc0, 0x000001c23aa1b110]
Event: 9.713 Thread 0x000001c2288a8000 2812       3       io.netty.util.internal.MathUtil::isOutOfBounds (24 bytes)

GC Heap History (16 events):
Event: 1.046 GC heap before
{Heap before GC invocations=0 (full 0):
 garbage-first heap   total 98304K, used 13312K [0x00000000a0200000, 0x0000000100000000)
  region size 1024K, 14 young (14336K), 0 survivors (0K)
 Metaspace       used 9161K, capacity 9248K, committed 9344K, reserved 1058816K
  class space    used 792K, capacity 847K, committed 896K, reserved 1048576K
}
Event: 1.059 GC heap after
{Heap after GC invocations=1 (full 0):
 garbage-first heap   total 98304K, used 5439K [0x00000000a0200000, 0x0000000100000000)
  region size 1024K, 2 young (2048K), 2 survivors (2048K)
 Metaspace       used 9161K, capacity 9248K, committed 9344K, reserved 1058816K
  class space    used 792K, capacity 847K, committed 896K, reserved 1048576K
}
Event: 1.334 GC heap before
{Heap before GC invocations=1 (full 0):
 garbage-first heap   total 98304K, used 12607K [0x00000000a0200000, 0x0000000100000000)
  region size 1024K, 9 young (9216K), 2 survivors (2048K)
 Metaspace       used 11643K, capacity 11824K, committed 12032K, reserved 1060864K
  class space    used 1083K, capacity 1153K, committed 1280K, reserved 1048576K
}
Event: 1.342 GC heap after
{Heap after GC invocations=2 (full 0):
 garbage-first heap   total 98304K, used 5816K [0x00000000a0200000, 0x0000000100000000)
  region size 1024K, 1 young (1024K), 1 survivors (1024K)
 Metaspace       used 11643K, capacity 11824K, committed 12032K, reserved 1060864K
  class space    used 1083K, capacity 1153K, committed 1280K, reserved 1048576K
}
Event: 2.312 GC heap before
{Heap before GC invocations=2 (full 0):
 garbage-first heap   total 98304K, used 30392K [0x00000000a0200000, 0x0000000100000000)
  region size 1024K, 25 young (25600K), 1 survivors (1024K)
 Metaspace       used 18373K, capacity 18799K, committed 19072K, reserved 1067008K
  class space    used 1909K, capacity 2113K, committed 2176K, reserved 1048576K
}
Event: 2.325 GC heap after
{Heap after GC invocations=3 (full 0):
 garbage-first heap   total 98304K, used 7513K [0x00000000a0200000, 0x0000000100000000)
  region size 1024K, 3 young (3072K), 3 survivors (3072K)
 Metaspace       used 18373K, capacity 18799K, committed 19072K, reserved 1067008K
  class space    used 1909K, capacity 2113K, committed 2176K, reserved 1048576K
}
Event: 2.748 GC heap before
{Heap before GC invocations=3 (full 0):
 garbage-first heap   total 98304K, used 17753K [0x00000000a0200000, 0x0000000100000000)
  region size 1024K, 14 young (14336K), 3 survivors (3072K)
 Metaspace       used 20650K, capacity 21192K, committed 21296K, reserved 1069056K
  class space    used 2151K, capacity 2399K, committed 2432K, reserved 1048576K
}
Event: 2.765 GC heap after
{Heap after GC invocations=4 (full 0):
 garbage-first heap   total 98304K, used 9419K [0x00000000a0200000, 0x0000000100000000)
  region size 1024K, 4 young (4096K), 4 survivors (4096K)
 Metaspace       used 20650K, capacity 21192K, committed 21296K, reserved 1069056K
  class space    used 2151K, capacity 2399K, committed 2432K, reserved 1048576K
}
Event: 4.019 GC heap before
{Heap before GC invocations=5 (full 0):
 garbage-first heap   total 98304K, used 52427K [0x00000000a0200000, 0x0000000100000000)
  region size 1024K, 46 young (47104K), 4 survivors (4096K)
 Metaspace       used 26024K, capacity 26604K, committed 26928K, reserved 1073152K
  class space    used 2818K, capacity 3087K, committed 3200K, reserved 1048576K
}
Event: 4.059 GC heap after
{Heap after GC invocations=6 (full 0):
 garbage-first heap   total 118784K, used 11832K [0x00000000a0200000, 0x0000000100000000)
  region size 1024K, 5 young (5120K), 5 survivors (5120K)
 Metaspace       used 26024K, capacity 26604K, committed 26928K, reserved 1073152K
  class space    used 2818K, capacity 3087K, committed 3200K, reserved 1048576K
}
Event: 4.314 GC heap before
{Heap before GC invocations=6 (full 0):
 garbage-first heap   total 118784K, used 63032K [0x00000000a0200000, 0x0000000100000000)
  region size 1024K, 55 young (56320K), 5 survivors (5120K)
 Metaspace       used 26152K, capacity 26811K, committed 26928K, reserved 1073152K
  class space    used 2820K, capacity 3091K, committed 3200K, reserved 1048576K
}
Event: 4.326 GC heap after
{Heap after GC invocations=7 (full 0):
 garbage-first heap   total 118784K, used 11641K [0x00000000a0200000, 0x0000000100000000)
  region size 1024K, 3 young (3072K), 3 survivors (3072K)
 Metaspace       used 26152K, capacity 26811K, committed 26928K, reserved 1073152K
  class space    used 2820K, capacity 3091K, committed 3200K, reserved 1048576K
}
Event: 5.081 GC heap before
{Heap before GC invocations=7 (full 0):
 garbage-first heap   total 118784K, used 75129K [0x00000000a0200000, 0x0000000100000000)
  region size 1024K, 65 young (66560K), 3 survivors (3072K)
 Metaspace       used 33319K, capacity 34204K, committed 34352K, reserved 1079296K
  class space    used 3807K, capacity 4167K, committed 4224K, reserved 1048576K
}
Event: 5.095 GC heap after
{Heap after GC invocations=8 (full 0):
 garbage-first heap   total 118784K, used 13580K [0x00000000a0200000, 0x0000000100000000)
  region size 1024K, 5 young (5120K), 5 survivors (5120K)
 Metaspace       used 33319K, capacity 34204K, committed 34352K, reserved 1079296K
  class space    used 3807K, capacity 4167K, committed 4224K, reserved 1048576K
}
Event: 8.789 GC heap before
{Heap before GC invocations=8 (full 0):
 garbage-first heap   total 118784K, used 29964K [0x00000000a0200000, 0x0000000100000000)
  region size 1024K, 17 young (17408K), 5 survivors (5120K)
 Metaspace       used 34933K, capacity 35764K, committed 35888K, reserved 1081344K
  class space    used 4031K, capacity 4365K, committed 4480K, reserved 1048576K
}
Event: 8.822 GC heap after
{Heap after GC invocations=9 (full 0):
 garbage-first heap   total 118784K, used 19168K [0x00000000a0200000, 0x0000000100000000)
  region size 1024K, 5 young (5120K), 5 survivors (5120K)
 Metaspace       used 34933K, capacity 35764K, committed 35888K, reserved 1081344K
  class space    used 4031K, capacity 4365K, committed 4480K, reserved 1048576K
}

Deoptimization events (20 events):
Event: 4.822 Thread 0x000001c2281ba000 DEOPT PACKING pc=0x000001c23a9c9154 sp=0x00000082f35fd030
Event: 4.822 Thread 0x000001c2281ba000 DEOPT UNPACKING pc=0x000001c232e24d9c sp=0x00000082f35fcfc0 mode 2
Event: 4.830 Thread 0x000001c2281ba000 Uncommon trap: trap_request=0xffffff4d fr.pc=0x000001c23a975348 relative=0x0000000000000548
Event: 4.830 Thread 0x000001c2281ba000 Uncommon trap: reason=unstable_if action=reinterpret pc=0x000001c23a975348 method=java.lang.String.replace(CC)Ljava/lang/String; @ 2 c2
Event: 4.830 Thread 0x000001c2281ba000 DEOPT PACKING pc=0x000001c23a975348 sp=0x00000082f35fdcb0
Event: 4.830 Thread 0x000001c2281ba000 DEOPT UNPACKING pc=0x000001c232e24d9c sp=0x00000082f35fdc60 mode 2
Event: 4.903 Thread 0x000001c2281ba000 DEOPT PACKING pc=0x000001c23365de84 sp=0x00000082f35fcb20
Event: 4.903 Thread 0x000001c2281ba000 DEOPT UNPACKING pc=0x000001c232e2527c sp=0x00000082f35fc940 mode 3
Event: 4.904 Thread 0x000001c2281ba000 Uncommon trap: trap_request=0xffffff4d fr.pc=0x000001c23a93a33c relative=0x000000000000037c
Event: 4.904 Thread 0x000001c2281ba000 Uncommon trap: reason=unstable_if action=reinterpret pc=0x000001c23a93a33c method=jdk.internal.org.objectweb.asm.Type.getArgumentsAndReturnSizes(Ljava/lang/String;)I @ 41 c2
Event: 4.904 Thread 0x000001c2281ba000 DEOPT PACKING pc=0x000001c23a93a33c sp=0x00000082f35fc5f0
Event: 4.904 Thread 0x000001c2281ba000 DEOPT UNPACKING pc=0x000001c232e24d9c sp=0x00000082f35fc580 mode 2
Event: 4.904 Thread 0x000001c2281ba000 Uncommon trap: trap_request=0xffffff4d fr.pc=0x000001c23a9438bc relative=0x000000000000057c
Event: 4.904 Thread 0x000001c2281ba000 Uncommon trap: reason=unstable_if action=reinterpret pc=0x000001c23a9438bc method=jdk.internal.org.objectweb.asm.Frame.push(Ljdk/internal/org/objectweb/asm/ClassWriter;Ljava/lang/String;)V @ 24 c2
Event: 4.904 Thread 0x000001c2281ba000 DEOPT PACKING pc=0x000001c23a9438bc sp=0x00000082f35fc610
Event: 4.904 Thread 0x000001c2281ba000 DEOPT UNPACKING pc=0x000001c232e24d9c sp=0x00000082f35fc500 mode 2
Event: 9.398 Thread 0x000001c2281ba000 Uncommon trap: trap_request=0xffffff4d fr.pc=0x000001c23a98b088 relative=0x0000000000000e48
Event: 9.398 Thread 0x000001c2281ba000 Uncommon trap: reason=unstable_if action=reinterpret pc=0x000001c23a98b088 method=java.util.concurrent.ConcurrentHashMap.putVal(Ljava/lang/Object;Ljava/lang/Object;Z)Ljava/lang/Object; @ 231 c2
Event: 9.398 Thread 0x000001c2281ba000 DEOPT PACKING pc=0x000001c23a98b088 sp=0x00000082f35fdce0
Event: 9.398 Thread 0x000001c2281ba000 DEOPT UNPACKING pc=0x000001c232e24d9c sp=0x00000082f35fdc00 mode 2

Classes redefined (1 events):
Event: 0.526 Thread 0x000001c228778800 redefined class name=java.lang.Throwable, count=1

Internal exceptions (20 events):
Event: 4.863 Thread 0x000001c24bbe5800 Exception <a 'java/net/ConnectException'{0x00000000a40032a0}: Connection refused: connect> (0x00000000a40032a0) thrown at [s\src\hotspot\share\prims\jni.cpp, line 638]
Event: 4.864 Thread 0x000001c24bbe5800 Exception <a 'java/net/ConnectException'{0x00000000a4003b00}: Connection refused: connect> (0x00000000a4003b00) thrown at [s\src\hotspot\share\prims\jni.cpp, line 638]
Event: 4.864 Thread 0x000001c24bbe5800 Exception <a 'java/net/ConnectException'{0x00000000a4004360}: Connection refused: connect> (0x00000000a4004360) thrown at [s\src\hotspot\share\prims\jni.cpp, line 638]
Event: 4.864 Thread 0x000001c24bbe5800 Exception <a 'java/net/ConnectException'{0x00000000a4004bc0}: Connection refused: connect> (0x00000000a4004bc0) thrown at [s\src\hotspot\share\prims\jni.cpp, line 638]
Event: 4.864 Thread 0x000001c24bbe5800 Exception <a 'java/net/ConnectException'{0x00000000a4005420}: Connection refused: connect> (0x00000000a4005420) thrown at [s\src\hotspot\share\prims\jni.cpp, line 638]
Event: 4.865 Thread 0x000001c24bbe5800 Exception <a 'java/net/ConnectException'{0x00000000a4005c80}: Connection refused: connect> (0x00000000a4005c80) thrown at [s\src\hotspot\share\prims\jni.cpp, line 638]
Event: 4.865 Thread 0x000001c24bbe5800 Exception <a 'java/net/ConnectException'{0x00000000a40064e0}: Connection refused: connect> (0x00000000a40064e0) thrown at [s\src\hotspot\share\prims\jni.cpp, line 638]
Event: 4.865 Thread 0x000001c24bbe5800 Exception <a 'java/net/ConnectException'{0x00000000a4006d40}: Connection refused: connect> (0x00000000a4006d40) thrown at [s\src\hotspot\share\prims\jni.cpp, line 638]
Event: 4.878 Thread 0x000001c24bbe5800 Exception <a 'java/net/ConnectException'{0x00000000a4007690}: Connection refused: connect> (0x00000000a4007690) thrown at [s\src\hotspot\share\prims\jni.cpp, line 638]
Event: 4.893 Thread 0x000001c24bbe5800 Exception <a 'java/net/ConnectException'{0x00000000a4007ef0}: Connection refused: connect> (0x00000000a4007ef0) thrown at [s\src\hotspot\share\prims\jni.cpp, line 638]
Event: 4.904 Thread 0x000001c2281ba000 Exception <a 'java/lang/NoSuchMethodError'{0x00000000a3f897d0}: 'double java.lang.invoke.DirectMethodHandle$Holder.invokeVirtual(java.lang.Object, java.lang.Object)'> (0x00000000a3f897d0) thrown at [s\src\hotspot\share\interpreter\linkResolver.cpp, line 773]
Event: 4.905 Thread 0x000001c2281ba000 Exception <a 'java/lang/NoSuchMethodError'{0x00000000a3f8f8a0}: 'float java.lang.invoke.DirectMethodHandle$Holder.invokeVirtual(java.lang.Object, java.lang.Object)'> (0x00000000a3f8f8a0) thrown at [s\src\hotspot\share\interpreter\linkResolver.cpp, line 773]
Event: 4.906 Thread 0x000001c2281ba000 Exception <a 'java/lang/NoSuchMethodError'{0x00000000a3f97d60}: 'long java.lang.invoke.DirectMethodHandle$Holder.invokeVirtual(java.lang.Object, java.lang.Object)'> (0x00000000a3f97d60) thrown at [s\src\hotspot\share\interpreter\linkResolver.cpp, line 773]
Event: 4.938 Thread 0x000001c2281ba000 Exception <a 'java/lang/NoSuchMethodError'{0x00000000a3d1d780}: 'void java.lang.invoke.DirectMethodHandle$Holder.invokeSpecial(java.lang.Object, java.lang.Object, java.lang.Object, java.lang.Object, java.lang.Object)'> (0x00000000a3d1d780) thrown at [s\src\hotspot\share\interpreter\linkResolver.cpp, line 773]
Event: 4.944 Thread 0x000001c2281ba000 Exception <a 'java/lang/NoSuchMethodError'{0x00000000a3d2aa90}: 'void java.lang.invoke.DirectMethodHandle$Holder.invokeStatic(java.lang.Object, java.lang.Object, int)'> (0x00000000a3d2aa90) thrown at [s\src\hotspot\share\interpreter\linkResolver.cpp, line 773]
Event: 4.994 Thread 0x000001c2281ba000 Exception <a 'java/lang/NoSuchMethodError'{0x00000000a3be4280}: 'int java.lang.invoke.DirectMethodHandle$Holder.invokeSpecialIFC(java.lang.Object, java.lang.Object, java.lang.Object)'> (0x00000000a3be4280) thrown at [s\src\hotspot\share\interpreter\linkResolver.cpp, line 773]
Event: 5.112 Thread 0x000001c2281ba000 Exception <a 'java/lang/NoSuchMethodError'{0x00000000a754e108}: 'void java.lang.invoke.DirectMethodHandle$Holder.invokeSpecial(java.lang.Object, java.lang.Object, java.lang.Object, java.lang.Object, java.lang.Object, java.lang.Object)'> (0x00000000a754e108) thrown at [s\src\hotspot\share\interpreter\linkResolver.cpp, line 773]
Event: 9.287 Thread 0x000001c2281ba000 Exception <a 'java/lang/NoSuchMethodError'{0x00000000a72b8fa8}: 'java.lang.Object java.lang.invoke.DirectMethodHandle$Holder.invokeSpecialIFC(java.lang.Object, java.lang.Object, java.lang.Object)'> (0x00000000a72b8fa8) thrown at [s\src\hotspot\share\interpreter\linkResolver.cpp, line 773]
Event: 9.313 Thread 0x000001c2281ba000 Exception <a 'java/lang/NoSuchMethodError'{0x00000000a7116430}: 'java.lang.Object java.lang.invoke.DirectMethodHandle$Holder.invokeStatic(java.lang.Object, int, java.lang.Object)'> (0x00000000a7116430) thrown at [s\src\hotspot\share\interpreter\linkResolver.cpp, line 773]
Event: 9.321 Thread 0x000001c2281ba000 Exception <a 'java/lang/ClassNotFoundException'{0x00000000a7135858}: sun/util/logging/resources/spi/loggingProvider> (0x00000000a7135858) thrown at [s\src\hotspot\share\classfile\systemDictionary.cpp, line 230]

Events (20 events):
Event: 9.449 loading class com/google/common/base/Function
Event: 9.449 loading class com/google/common/base/Function done
Event: 9.449 loading class com/google/common/collect/Multimaps
Event: 9.449 loading class com/google/common/collect/Multimaps done
Event: 9.450 loading class java/util/concurrent/ConcurrentLinkedDeque$Itr
Event: 9.450 loading class java/util/concurrent/ConcurrentLinkedDeque$AbstractItr
Event: 9.459 loading class java/util/concurrent/ConcurrentLinkedDeque$AbstractItr done
Event: 9.459 loading class java/util/concurrent/ConcurrentLinkedDeque$Itr done
Event: 9.602 loading class com/google/common/collect/SortedSetMultimap
Event: 9.602 loading class com/google/common/collect/SortedSetMultimap done
Event: 9.606 loading class com/google/common/collect/Multimaps$TransformedEntriesListMultimap
Event: 9.606 loading class com/google/common/collect/Multimaps$TransformedEntriesListMultimap done
Event: 9.607 loading class com/google/common/collect/Multimaps$TransformedEntriesMultimap
Event: 9.607 loading class com/google/common/collect/Multimaps$TransformedEntriesMultimap done
Event: 9.613 loading class io/netty/channel/AbstractChannelHandlerContext$WriteTask
Event: 9.613 loading class io/netty/channel/AbstractChannelHandlerContext$WriteTask done
Event: 9.621 loading class io/netty/channel/AbstractChannelHandlerContext$WriteTask$1
Event: 9.621 loading class io/netty/channel/AbstractChannelHandlerContext$WriteTask$1 done
Event: 9.710 Executing VM operation: RevokeBias
Event: 9.711 Executing VM operation: RevokeBias done


Dynamic libraries:
0x00007ff6ec670000 - 0x00007ff6ec67d000 	C:\Users\illia\.jdks\liberica-11.0.26\bin\java.exe
0x00007ffa0de60000 - 0x00007ffa0e280000 	C:\Windows\SYSTEM32\ntdll.dll
0x00007ffa0c020000 - 0x00007ffa0c184000 	C:\Windows\System32\KERNEL32.DLL
0x00007ffa094f0000 - 0x00007ffa09b49000 	C:\Windows\System32\KERNELBASE.dll
0x00007ffa09e40000 - 0x00007ffa0a068000 	C:\Windows\System32\ucrtbase.dll
0x00007ff9e3ef0000 - 0x00007ff9e3f25000 	C:\Users\illia\.jdks\liberica-11.0.26\bin\VCRUNTIME140.dll
0x00007ff9e9af0000 - 0x00007ff9e9b08000 	C:\Users\illia\.jdks\liberica-11.0.26\bin\jli.dll
0x00007ffa0b230000 - 0x00007ffa0b4b1000 	C:\Windows\System32\USER32.dll
0x00007ffa09480000 - 0x00007ffa094de000 	C:\Windows\System32\win32u.dll
0x00007ffa0db60000 - 0x00007ffa0dbc5000 	C:\Windows\System32\GDI32.dll
0x00007ff9f2600000 - 0x00007ff9f2a6a000 	C:\Windows\WinSxS\arm64_microsoft.windows.common-controls_6595b64144ccf1df_6.0.26100.3323_none_3e087ff4e33445d4\COMCTL32.dll
0x00007ffa09c40000 - 0x00007ffa09e37000 	C:\Windows\System32\gdi32full.dll
0x00007ffa0a070000 - 0x00007ffa0a1c9000 	C:\Windows\System32\msvcp_win.dll
0x00007ffa0b580000 - 0x00007ffa0b6c8000 	C:\Windows\System32\msvcrt.dll
0x00007ffa0d420000 - 0x00007ffa0d475000 	C:\Windows\System32\IMM32.DLL
0x00007ff9dbd80000 - 0x00007ff9dbedd000 	C:\Users\illia\.jdks\liberica-11.0.26\bin\msvcp140.dll
0x00007ff990ed0000 - 0x00007ff991929000 	C:\Users\illia\.jdks\liberica-11.0.26\bin\server\jvm.dll
0x00007ffa0a340000 - 0x00007ffa0a47d000 	C:\Windows\System32\ADVAPI32.dll
0x00007ffa0d140000 - 0x00007ffa0d25e000 	C:\Windows\System32\sechost.dll
0x00007ffa0a490000 - 0x00007ffa0a68d000 	C:\Windows\System32\RPCRT4.dll
0x00007ffa0b8d0000 - 0x00007ffa0b994000 	C:\Windows\System32\WS2_32.dll
0x00007ffa0de00000 - 0x00007ffa0de0f000 	C:\Windows\System32\PSAPI.DLL
0x00007ff9e33e0000 - 0x00007ff9e3444000 	C:\Windows\SYSTEM32\WINMM.dll
0x00007ff9f5660000 - 0x00007ff9f5676000 	C:\Windows\SYSTEM32\VERSION.dll
0x00007ffa07120000 - 0x00007ffa07150000 	C:\Windows\SYSTEM32\kernel.appcore.dll
0x00007ff9e9e90000 - 0x00007ff9e9ea0000 	C:\Users\illia\.jdks\liberica-11.0.26\bin\verify.dll
0x00007ff9da560000 - 0x00007ff9da99a000 	C:\Windows\SYSTEM32\DBGHELP.DLL
0x00007ffa0b9a0000 - 0x00007ffa0c018000 	C:\Windows\System32\combase.dll
0x00007ffa0d270000 - 0x00007ffa0d413000 	C:\Windows\System32\OLEAUT32.dll
0x00007ff9e29a0000 - 0x00007ff9e2a0a000 	C:\Windows\SYSTEM32\dbgcore.DLL
0x00007ffa09b50000 - 0x00007ffa09c30000 	C:\Windows\System32\bcryptPrimitives.dll
0x00007ff9dfe40000 - 0x00007ff9dfe68000 	C:\Users\illia\.jdks\liberica-11.0.26\bin\java.dll
0x00007ff9e74f0000 - 0x00007ff9e74fa000 	C:\Users\illia\.jdks\liberica-11.0.26\bin\jimage.dll
0x00007ff9ffec0000 - 0x00007ff9ffecf000 	C:\Users\illia\.jdks\liberica-11.0.26\bin\instrument.dll
0x00007ff9dfe20000 - 0x00007ff9dfe38000 	C:\Users\illia\.jdks\liberica-11.0.26\bin\zip.dll
0x00007ffa0c350000 - 0x00007ffa0d130000 	C:\Windows\System32\SHELL32.dll
0x00007ffa09170000 - 0x00007ffa09472000 	C:\Windows\System32\wintypes.dll
0x00007ffa051d0000 - 0x00007ffa06383000 	C:\Windows\SYSTEM32\windows.storage.dll
0x00007ffa0b6d0000 - 0x00007ffa0b8be000 	C:\Windows\System32\SHCORE.dll
0x00007ffa0d500000 - 0x00007ffa0d5a8000 	C:\Windows\System32\shlwapi.dll
0x00007ffa09040000 - 0x00007ffa09094000 	C:\Windows\SYSTEM32\profapi.dll
0x00007ff9dfe00000 - 0x00007ff9dfe1a000 	C:\Users\illia\.jdks\liberica-11.0.26\bin\net.dll
0x00007ffa00580000 - 0x00007ffa00782000 	C:\Windows\SYSTEM32\WINHTTP.dll
0x00007ffa07900000 - 0x00007ffa079be000 	C:\Windows\system32\mswsock.dll
0x00007ff9dfde0000 - 0x00007ff9dfdf3000 	C:\Users\illia\.jdks\liberica-11.0.26\bin\nio.dll
0x00007ffa068f0000 - 0x00007ffa06aef000 	C:\Windows\SYSTEM32\DNSAPI.dll
0x00007ffa06880000 - 0x00007ffa068de000 	C:\Windows\SYSTEM32\IPHLPAPI.DLL
0x00007ffa0a320000 - 0x00007ffa0a332000 	C:\Windows\System32\NSI.dll
0x00007ff9fc610000 - 0x00007ff9fc625000 	C:\Windows\System32\rasadhlp.dll
0x00007ff9ff7f0000 - 0x00007ff9ff8d2000 	C:\Windows\System32\fwpuclnt.dll
0x00007ff9ffdc0000 - 0x00007ff9ffdc9000 	C:\Users\illia\.jdks\liberica-11.0.26\bin\management.dll
0x00007ff9ffdb0000 - 0x00007ff9ffdbc000 	C:\Users\illia\.jdks\liberica-11.0.26\bin\management_ext.dll
0x00007ffa07d90000 - 0x00007ffa07dc1000 	C:\Windows\SYSTEM32\CRYPTSP.dll
0x00007ffa07050000 - 0x00007ffa070b9000 	C:\Windows\system32\rsaenh.dll
0x00007ffa07a20000 - 0x00007ffa07a70000 	C:\Windows\SYSTEM32\USERENV.dll
0x00007ffa083c0000 - 0x00007ffa08405000 	C:\Windows\SYSTEM32\bcrypt.dll
0x00007ffa07dd0000 - 0x00007ffa07de6000 	C:\Windows\SYSTEM32\CRYPTBASE.dll
0x00007ffa008c0000 - 0x00007ffa008f3000 	C:\Windows\SYSTEM32\dhcpcsvc6.DLL
0x00007ffa00440000 - 0x00007ffa00488000 	C:\Windows\SYSTEM32\dhcpcsvc.DLL
0x00007ff9b6210000 - 0x00007ff9b623c000 	C:\Windows\system32\napinsp.dll
0x00007ff9c2c40000 - 0x00007ff9c2c83000 	C:\Windows\system32\nlansp_c.dll
0x00007ff9b6240000 - 0x00007ff9b6263000 	C:\Windows\System32\winrnr.dll
0x00007ff9fdfc0000 - 0x00007ff9fdfee000 	C:\Windows\system32\wshbth.dll
0x00007ff9f2570000 - 0x00007ff9f25f5000 	C:\Windows\SYSTEM32\pdh.dll
0x00007ff9dcbf0000 - 0x00007ff9dcc15000 	C:\Users\illia\.jdks\liberica-11.0.26\bin\sunec.dll
0x00007ff9ffde0000 - 0x00007ff9ffdff000 	C:\Windows\System32\perfproc.dll
0x00007ff9f46a0000 - 0x00007ff9f46bf000 	C:\Windows\System32\perfos.dll
0x00007ffa01880000 - 0x00007ffa018a1000 	C:\Windows\SYSTEM32\pfclient.dll
0x00007ff9e2970000 - 0x00007ff9e297e000 	C:\Users\illia\.jdks\liberica-11.0.26\bin\sunmscapi.dll
0x00007ffa08120000 - 0x00007ffa083ba000 	C:\Windows\SYSTEM32\CRYPT32.dll
0x00007ffa080c0000 - 0x00007ffa08117000 	C:\Windows\SYSTEM32\ncrypt.dll
0x00007ffa08050000 - 0x00007ffa080ba000 	C:\Windows\SYSTEM32\NTASN1.dll
0x00007ffa08d90000 - 0x00007ffa08e90000 	C:\Windows\system32\apphelp.dll

dbghelp: loaded successfully - version: 4.0.5 - missing functions: none
symbol engine: initialized successfully - sym options: 0x614 - pdb path: .;C:\Users\illia\.jdks\liberica-11.0.26\bin;C:\Windows\SYSTEM32;C:\Windows\WinSxS\arm64_microsoft.windows.common-controls_6595b64144ccf1df_6.0.26100.3323_none_3e087ff4e33445d4;C:\Users\illia\.jdks\liberica-11.0.26\bin\server

VM Arguments:
jvm_args: -ea -Didea.test.cyclic.buffer.size=1048576 -javaagent:C:\Program Files\JetBrains\IntelliJ IDEA 2024.3.5\lib\idea_rt.jar=49315 -javaagent:C:\Users\illia\AppData\Local\JetBrains\IntelliJIdea2024.3\captureAgent\debugger-agent.jar -Dkotlinx.coroutines.debug.enable.creation.stack.trace=false -Ddebugger.agent.enable.coroutines=true -Dkotlinx.coroutines.debug.enable.flows.stack.trace=true -Dkotlinx.coroutines.debug.enable.mutable.state.flows.stack.trace=true -Dfile.encoding=UTF-8 
java_command: com.intellij.rt.testng.RemoteTestNGStarter -usedefaultlisteners false -socket49314 @w@C:\Users\illia\AppData\Local\Temp\idea_working_dirs_testng.tmp -temp C:\Users\illia\AppData\Local\Temp\idea_testng.tmp
java_class_path (initial): C:\Program Files\JetBrains\IntelliJ IDEA 2024.3.5\lib\idea_rt.jar;C:\Program Files\JetBrains\IntelliJ IDEA 2024.3.5\plugins\testng\lib\testng-rt.jar;C:\Users\illia\IdeaProjects\Lab2ATVD\target\test-classes;C:\Users\illia\IdeaProjects\Lab2ATVD\target\classes;C:\Users\illia\.m2\repository\org\seleniumhq\selenium\selenium-java\4.5.0\selenium-java-4.5.0.jar;C:\Users\illia\.m2\repository\org\seleniumhq\selenium\selenium-api\4.5.0\selenium-api-4.5.0.jar;C:\Users\illia\.m2\repository\org\seleniumhq\selenium\selenium-chrome-driver\4.5.0\selenium-chrome-driver-4.5.0.jar;C:\Users\illia\.m2\repository\com\google\auto\service\auto-service-annotations\1.0.1\auto-service-annotations-1.0.1.jar;C:\Users\illia\.m2\repository\com\google\auto\service\auto-service\1.0.1\auto-service-1.0.1.jar;C:\Users\illia\.m2\repository\com\google\auto\auto-common\1.2\auto-common-1.2.jar;C:\Users\illia\.m2\repository\com\google\guava\guava\31.1-jre\guava-31.1-jre.jar;C:\Users\illia\.m2\repository\com\google\guava\failureaccess\1.0.1\failureaccess-1.0.1.jar;C:\Users\illia\.m2\repository\com\google\guava\listenablefuture\9999.0-empty-to-avoid-conflict-with-guava\listenablefuture-9999.0-empty-to-avoid-conflict-with-guava.jar;C:\Users\illia\.m2\repository\com\google\code\findbugs\jsr305\3.0.2\jsr305-3.0.2.jar;C:\Users\illia\.m2\repository\org\checkerframework\checker-qual\3.12.0\checker-qual-3.12.0.jar;C:\Users\illia\.m2\repository\com\google\errorprone\error_prone_annotations\2.11.0\error_prone_annotations-2.11.0.jar;C:\Users\illia\.m2\repository\com\google\j2objc\j2objc-annotations\1.3\j2objc-annotations-1.3.jar;C:\Users\illia\.m2\repository\org\seleniumhq\selenium\selenium-chromium-driver\4.5.0\selenium-chromium-driver-4.5.0.jar;C:\Users\illia\.m2\repository\org\seleniumhq\selenium\selenium-json\4.5.0\selenium-json-4.5.0.jar;C:\Users\illia\.m2\repository\org\seleniumhq\selenium\selenium-devtools-v104\4.5.0\selenium-devtools-v104-4.5.0.jar;C:\Users\illia\.m2\repository\org\
Launcher Type: SUN_STANDARD

[Global flags]
     intx CICompilerCount                          = 3                                         {product} {ergonomic}
     uint ConcGCThreads                            = 1                                         {product} {ergonomic}
     uint G1ConcRefinementThreads                  = 4                                         {product} {ergonomic}
   size_t G1HeapRegionSize                         = 1048576                                   {product} {ergonomic}
    uintx GCDrainStackTargetSize                   = 64                                        {product} {ergonomic}
   size_t InitialHeapSize                          = 100663296                                 {product} {ergonomic}
   size_t MarkStackSize                            = 4194304                                   {product} {ergonomic}
   size_t MaxHeapSize                              = 1608515584                                {product} {ergonomic}
   size_t MaxNewSize                               = 964689920                                 {product} {ergonomic}
   size_t MinHeapDeltaBytes                        = 1048576                                   {product} {ergonomic}
    uintx NonNMethodCodeHeapSize                   = 5830860                                {pd product} {ergonomic}
    uintx NonProfiledCodeHeapSize                  = 122913690                              {pd product} {ergonomic}
    uintx ProfiledCodeHeapSize                     = 122913690                              {pd product} {ergonomic}
    uintx ReservedCodeCacheSize                    = 251658240                              {pd product} {ergonomic}
     bool SegmentedCodeCache                       = true                                      {product} {ergonomic}
     bool UseCompressedClassPointers               = true                                 {lp64_product} {ergonomic}
     bool UseCompressedOops                        = true                                 {lp64_product} {ergonomic}
     bool UseG1GC                                  = true                                      {product} {ergonomic}
     bool UseLargePagesIndividualAllocation        = false                                  {pd product} {ergonomic}

Logging:
Log output configuration:
 #0: stdout all=warning uptime,level,tags
 #1: stderr all=off uptime,level,tags

Environment Variables:
PATH=C:\Program Files\Common Files\Oracle\Java\javapath;C:\Program Files (x86)\Common Files\Oracle\Java\javapath;C:\Windows\system32;C:\Windows;C:\Windows\System32\Wbem;C:\Windows\System32\WindowsPowerShell\v1.0\;C:\Windows\System32\OpenSSH\;C:\Program Files\scala-cli-x86_64-pc-win32\;C:\Program Files (x86)\scala\bin;C:\Users\illia\AppData\Local\Programs\Python\Python313\Scripts\;C:\Users\illia\AppData\Local\Programs\Python\Python313\;C:\Users\illia\AppData\Local\Microsoft\WindowsApps;C:\Program Files\JetBrains\PyCharm 2024.3\bin;;C:\Program Files\Java\jdk-21\bin;
USERNAME=illia
OS=Windows_NT
PROCESSOR_IDENTIFIER=ARMv8 (64-bit) Family 8 Model 0 Revision   0, QEMU
TMP=C:\Users\illia\AppData\Local\Temp
TEMP=C:\Users\illia\AppData\Local\Temp



---------------  S Y S T E M  ---------------

OS: Windows 11 , 64 bit Build 26100 (10.0.26100.3470)
OS uptime: 4 days 3:18 hours

CPU:total 4 (initial active 4) 0x00:0x0:0x000:0, simd, crc, aes, sha1, sha256

Memory: 4k page, system-wide physical 6134M (508M free)
TotalPageFile size 14285M (AvailPageFile size 1M)
current process WorkingSet (physical memory assigned to process): 216M, peak: 217M
current process commit charge ("private bytes"): 279M, peak: 280M

vm_info: OpenJDK 64-Bit Server VM (11.0.26+9-LTS) for windows-aarch64 JRE (11.0.26+9-LTS), built on Jan 22 2025 07:12:59 by "" with MS VC++ 17.1 (VS2022)

END.
